<?xml version="1.0" encoding="UTF-8"?>
<!-- Generated by org.testng.reporters.JUnitReportReporter -->
<testsuite ignored="0" hostname="DESKTOP-PHQEUJO" failures="0" tests="1" name="Assignments.pagination" time="31.945" errors="0" timestamp="20 Jul 2020 12:07:35 GMT" skipped="0">
  <testcase classname="Assignments.pagination" name="productCount" time="31.945"/>
</testsuite> <!-- Assignments.pagination -->
