<?xml version="1.0" encoding="UTF-8"?>
<!-- Generated by org.testng.reporters.JUnitReportReporter -->
<testsuite ignored="0" hostname="DESKTOP-PHQEUJO" failures="0" tests="1" name="testing.firsttest" time="9.872" errors="0" timestamp="21 Jul 2020 11:10:55 GMT" skipped="0">
  <testcase classname="testing.firsttest" name="f" time="9.872"/>
</testsuite> <!-- testing.firsttest -->
