<?xml version="1.0" encoding="UTF-8"?>
<!-- Generated by org.testng.reporters.JUnitReportReporter -->
<testsuite ignored="0" hostname="DESKTOP-PHQEUJO" failures="0" tests="3" name="testing.demo" time="67.725" errors="0" timestamp="21 Jul 2020 09:23:36 GMT" skipped="0">
  <testcase classname="testing.demo" name="login" time="0.638"/>
  <testcase classname="testing.demo" name="logincheck" time="48.848"/>
  <testcase classname="testing.demo" name="logout" time="18.239"/>
</testsuite> <!-- testing.demo -->
