<?xml version="1.0" encoding="UTF-8"?>
<!-- Generated by org.testng.reporters.JUnitReportReporter -->
<testsuite ignored="0" hostname="DESKTOP-PHQEUJO" failures="0" tests="1" name="Assignments.MakeMyTripProject" time="4.354" errors="0" timestamp="19 Mar 2020 05:14:17 GMT" skipped="0">
  <testcase classname="Assignments.MakeMyTripProject" name="datePickerTest" time="4.354"/>
</testsuite> <!-- Assignments.MakeMyTripProject -->
